2026-01-23 09:41:57,204 - INFO - ============================================================
2026-01-23 09:41:57,205 - INFO -  FIFA 21 Data Pipeline
2026-01-23 09:41:57,205 - INFO - ============================================================
2026-01-23 09:41:57,206 - INFO - Started at: 2026-01-23 09:41:57
2026-01-23 09:41:57,206 - INFO - ============================================================
2026-01-23 09:41:57,206 - INFO - 
 STEP 1: EXTRACT
2026-01-23 09:41:57,206 - INFO - ============================================================
2026-01-23 09:41:57,398 - INFO - EXTRACTION COMPLETE
2026-01-23 09:42:03,605 - INFO - 
 STEP 2: TRANSFORM
2026-01-23 09:42:03,606 - INFO - ============================================================
2026-01-23 09:42:03,790 - INFO - Transform complete!
2026-01-23 09:42:03,791 - INFO -  Cleaned data : 18,979 rows * 73 columns
2026-01-23 09:42:03,791 - INFO - 
 STEP 3: LOAD
2026-01-23 09:42:03,791 - INFO - ============================================================
2026-01-23 09:42:41,800 - INFO -  Load Complete!
2026-01-23 09:42:41,801 - INFO - 
------------------------------------------------------------
2026-01-23 09:42:41,801 - INFO -  PIPELINE COMPLETED SUCCESSFULLY
2026-01-23 09:42:41,802 - INFO - ============================================================
2026-01-23 09:42:41,802 - INFO - 
 Summary:
2026-01-23 09:42:41,802 - INFO -   -input rows:18,979
2026-01-23 09:42:41,803 - INFO -   -output rows:18,979
2026-01-23 09:42:41,803 - INFO -   -column removed:4
2026-01-23 09:42:41,803 - INFO -   -files created: 4
2026-01-23 09:42:41,803 - INFO - 
 Output Files:
2026-01-23 09:42:41,804 - INFO -  -CSV:7.56 MB)
2026-01-23 09:42:41,805 - INFO -  -EXCEL:6.88 MB)
2026-01-23 09:42:41,805 - INFO -  -JSON:30.25 MB)
2026-01-23 09:42:41,806 - INFO -  -PARQUET:2.38 MB)
2026-01-23 09:42:41,807 - INFO - 
------------------------------------------------------------
2026-01-23 09:42:41,807 - INFO - Finished at :2026-01-23 09:42:41
2026-01-23 09:42:41,808 - INFO - ------------------------------------------------------------
