2026-01-27 17:38:37,884 - INFO -  Log file created: pipeline_20260127_173837.log
2026-01-27 17:38:37,884 - INFO - Test transformation module
2026-01-27 17:38:37,885 - INFO - ============================================================
2026-01-27 17:38:37,885 - INFO - 
Script dir:c:\Users\Admin\Desktop\simple_project1\eti_pipeline\src\transform
2026-01-27 17:38:37,885 - INFO - Project root:c:\Users\Admin\Desktop\simple_project1
2026-01-27 17:38:37,885 - INFO - File location:c:\Users\Admin\Desktop\simple_project1\data\raw\fifa21 raw data v2.csv
2026-01-27 17:38:37,885 - INFO - File exists?True

2026-01-27 17:38:38,089 - INFO - Input shape:(18979, 77)
2026-01-27 17:38:38,090 - INFO - Starting transformation pipeline----
2026-01-27 17:38:38,090 - INFO - 
 - Cleaning column names---
2026-01-27 17:38:38,299 - INFO - ====Transformation Complete!====
2026-01-27 17:38:38,300 - INFO - 
Output shape:(18979, 73)
2026-01-27 17:38:38,300 - INFO - 
Transformed columns: ['ID', 'Name', 'LongName', 'photoUrl', 'playerUrl', 'Nationality', 'Age', '↓OVA', 'POT', 'Club']
2026-01-27 17:38:38,300 - INFO - 
Sample of  transformed data:
2026-01-27 17:38:38,301 - INFO -        ID               Name                      LongName                                          photoUrl  ... DRI DEF  PHY   Hits
0  158023           L. Messi                  Lionel Messi  https://cdn.sofifa.com/players/158/023/21_60.png  ...  95  38   65  771.0
1   20801  Cristiano Ronaldo  C. Ronaldo dos Santos Aveiro  https://cdn.sofifa.com/players/020/801/21_60.png  ...  89  35   77  562.0
2  200389           J. Oblak                     Jan Oblak  https://cdn.sofifa.com/players/200/389/21_60.png  ...  90  52   90  150.0

[3 rows x 73 columns]
