2026-01-23 10:30:44,014 - INFO - ============================================================
2026-01-23 10:30:44,015 - INFO -  FIFA 21 Data Pipeline
2026-01-23 10:30:44,015 - INFO - ============================================================
2026-01-23 10:30:44,015 - INFO - Started at: 2026-01-23 10:30:44
2026-01-23 10:30:44,015 - INFO - ============================================================
2026-01-23 10:30:44,016 - INFO - 
 STEP 1: EXTRACT
2026-01-23 10:30:44,016 - INFO - ============================================================
2026-01-23 10:30:44,016 - INFO - 
 Extract:Loading data..
2026-01-23 10:30:51,387 - INFO -  Location: c:\Users\Admin\Desktop\simple_project1\data\raw\fifa21 raw data v2.csv
2026-01-23 10:30:51,632 - INFO -  Loaded 18,979 rows * 77 columns
2026-01-23 10:30:51,632 - INFO - EXTRACTION COMPLETE
2026-01-23 10:30:51,632 - INFO - 
 STEP 2: TRANSFORM
2026-01-23 10:30:51,633 - INFO - ============================================================
2026-01-23 10:30:51,633 - INFO - Starting transformation pipeline----
2026-01-23 10:30:51,633 - INFO - 
 - Cleaning column names---
2026-01-23 10:30:51,810 - INFO - ====Transformation Complete!====
2026-01-23 10:30:51,810 - INFO - Transform complete!
2026-01-23 10:30:51,810 - INFO -  Cleaned data : 18,979 rows * 73 columns
2026-01-23 10:30:51,811 - INFO - 
 STEP 3: LOAD
2026-01-23 10:30:51,811 - INFO - ============================================================
2026-01-23 10:30:51,811 - INFO - 
 Saving cleaned data in 4 format(s)...
2026-01-23 10:30:51,812 - INFO - ==================================================
2026-01-23 10:30:52,210 - INFO -  CSV saved:c:\Users\Admin\Desktop\simple_project1\data\processed\fifa_cleaned.csv
2026-01-23 10:31:45,220 - INFO -  Excel saved:c:\Users\Admin\Desktop\simple_project1\data\processed\fifa_cleaned.xlsx
2026-01-23 10:31:45,580 - INFO -  JSON saved: c:\Users\Admin\Desktop\simple_project1\data\processed\fifa_cleaned.json
2026-01-23 10:31:45,714 - INFO -  Parquet saved: c:\Users\Admin\Desktop\simple_project1\data\processed\fifa_cleaned.parquet
2026-01-23 10:31:45,714 - INFO - ============================================================
2026-01-23 10:31:45,714 - INFO - Saved 4 file(s) successfully!
2026-01-23 10:31:45,715 - INFO -    Total size: 18,979 rows × 73 columns
2026-01-23 10:31:45,715 - INFO -  Load Complete!
2026-01-23 10:31:45,715 - INFO - 
------------------------------------------------------------
2026-01-23 10:31:45,716 - INFO -  PIPELINE COMPLETED SUCCESSFULLY
2026-01-23 10:31:45,716 - INFO - ============================================================
2026-01-23 10:31:45,716 - INFO - 
 Summary:
2026-01-23 10:31:45,716 - INFO -   -input rows:18,979
2026-01-23 10:31:45,717 - INFO -   -output rows:18,979
2026-01-23 10:31:45,717 - INFO -   -column removed:4
2026-01-23 10:31:45,717 - INFO -   -files created: 4
2026-01-23 10:31:45,718 - INFO - 
 Output Files:
2026-01-23 10:31:45,718 - INFO -  -CSV:7.56 MB)
2026-01-23 10:31:45,718 - INFO -  -EXCEL:6.88 MB)
2026-01-23 10:31:45,718 - INFO -  -JSON:30.25 MB)
2026-01-23 10:31:45,719 - INFO -  -PARQUET:2.38 MB)
2026-01-23 10:31:45,719 - INFO - 
------------------------------------------------------------
2026-01-23 10:31:45,720 - INFO - Finished at :2026-01-23 10:31:45
2026-01-23 10:31:45,720 - INFO - ------------------------------------------------------------
