2026-01-23 10:27:08,025 - INFO - ============================================================
2026-01-23 10:27:08,025 - INFO -  FIFA 21 Data Pipeline
2026-01-23 10:27:08,026 - INFO - ============================================================
2026-01-23 10:27:08,026 - INFO - Started at: 2026-01-23 10:27:08
2026-01-23 10:27:08,026 - INFO - ============================================================
2026-01-23 10:27:08,026 - INFO - 
 STEP 1: EXTRACT
2026-01-23 10:27:08,026 - INFO - ============================================================
2026-01-23 10:27:08,027 - INFO - 
 Extract:Loading data..
2026-01-23 10:27:08,526 - INFO -  Location: c:\Users\Admin\Desktop\simple_project1\data\raw\fifa21 raw data v2.csv
2026-01-23 10:27:08,736 - INFO -  Loaded 18,979 rows * 77 columns
2026-01-23 10:27:08,736 - INFO - EXTRACTION COMPLETE
2026-01-23 10:27:08,736 - INFO - 
 STEP 2: TRANSFORM
2026-01-23 10:27:08,737 - INFO - ============================================================
2026-01-23 10:27:08,737 - INFO - Starting transformation pipeline----
2026-01-23 10:27:08,737 - INFO - 
 - Cleaning column names---
2026-01-23 10:27:08,922 - INFO - ====Transformation Complete!====
2026-01-23 10:27:08,923 - INFO - Transform complete!
2026-01-23 10:27:08,923 - INFO -  Cleaned data : 18,979 rows * 73 columns
2026-01-23 10:27:08,923 - INFO - 
 STEP 3: LOAD
2026-01-23 10:27:08,924 - INFO - ============================================================
2026-01-23 10:27:08,928 - INFO - ==================================================
2026-01-23 10:27:39,502 - INFO -  Parquet saved: c:\Users\Admin\Desktop\simple_project1\data\processed\fifa_cleaned.parquet
2026-01-23 10:27:39,502 - INFO - ============================================================
2026-01-23 10:27:39,506 - INFO -    Total size: 18,979 rows × 73 columns
2026-01-23 10:27:39,506 - INFO -  Load Complete!
2026-01-23 10:27:39,507 - INFO - 
------------------------------------------------------------
2026-01-23 10:27:39,507 - INFO -  PIPELINE COMPLETED SUCCESSFULLY
2026-01-23 10:27:39,507 - INFO - ============================================================
2026-01-23 10:27:39,508 - INFO - 
 Summary:
2026-01-23 10:27:39,508 - INFO -   -input rows:18,979
2026-01-23 10:27:39,508 - INFO -   -output rows:18,979
2026-01-23 10:27:39,508 - INFO -   -column removed:4
2026-01-23 10:27:39,509 - INFO -   -files created: 4
2026-01-23 10:27:39,509 - INFO - 
 Output Files:
2026-01-23 10:27:39,509 - INFO -  -CSV:7.56 MB)
2026-01-23 10:27:39,510 - INFO -  -EXCEL:6.88 MB)
2026-01-23 10:27:39,510 - INFO -  -JSON:30.25 MB)
2026-01-23 10:27:39,511 - INFO -  -PARQUET:2.38 MB)
2026-01-23 10:27:39,511 - INFO - 
------------------------------------------------------------
2026-01-23 10:27:39,511 - INFO - Finished at :2026-01-23 10:27:39
2026-01-23 10:27:39,512 - INFO - ------------------------------------------------------------
