2026-01-27 08:56:37,170 - INFO -  Log file created: pipeline_20260127_085637.log
2026-01-27 08:56:37,171 - INFO - 
🔄 Extract: Loading data from: fifa21 raw data v2.csv
2026-01-27 08:56:37,173 - INFO -  📂 Location: C:\Users\Admin\Desktop\simple_project1\eti_pipeline\src\extract\..\..\..\data\raw\fifa21 raw data v2.csv
2026-01-27 08:56:37,173 - INFO - Loading CSV: fifa21 raw data v2.csv
2026-01-27 08:56:37,419 - INFO - ✅ Loaded 18,979 rows × 77 columns
2026-01-27 08:56:37,420 - INFO - ✅ Extraction complete!
2026-01-27 08:56:37,420 - INFO - Starting transformation pipeline----
2026-01-27 08:56:37,422 - INFO - 
 - Cleaning column names---
2026-01-27 08:56:37,625 - INFO - ====Transformation Complete!====
2026-01-27 08:56:37,627 - INFO - 
 Saving cleaned data in 4 format(s)...
2026-01-27 08:56:37,627 - INFO - ==================================================
2026-01-27 08:56:37,945 - INFO -  CSV saved:C:\Users\Admin\Desktop\simple_project1\data\processed\fifa21_cleaned.csv
2026-01-27 08:57:25,084 - INFO -  Excel saved:C:\Users\Admin\Desktop\simple_project1\data\processed\fifa21_cleaned.xlsx
2026-01-27 08:57:25,897 - INFO -  JSON saved: C:\Users\Admin\Desktop\simple_project1\data\processed\fifa21_cleaned.json
2026-01-27 08:57:26,180 - INFO -  Parquet saved: C:\Users\Admin\Desktop\simple_project1\data\processed\fifa21_cleaned.parquet
2026-01-27 08:57:26,180 - INFO - ============================================================
2026-01-27 08:57:26,181 - INFO - Saved 4 file(s) successfully!
2026-01-27 08:57:26,182 - INFO -    Total size: 18,979 rows × 73 columns
2026-01-27 08:57:26,183 - INFO - 
 Saving cleaned data in 4 format(s)...
2026-01-27 08:57:26,184 - INFO - ==================================================
2026-01-27 08:57:27,172 - INFO -  CSV saved:C:\Users\Admin\Desktop\simple_project1\data\processed\fifa_cleaned.csv
2026-01-27 08:59:00,316 - INFO -  Excel saved:C:\Users\Admin\Desktop\simple_project1\data\processed\fifa_cleaned.xlsx
2026-01-27 08:59:00,930 - INFO -  JSON saved: C:\Users\Admin\Desktop\simple_project1\data\processed\fifa_cleaned.json
2026-01-27 08:59:01,159 - INFO -  Parquet saved: C:\Users\Admin\Desktop\simple_project1\data\processed\fifa_cleaned.parquet
2026-01-27 08:59:01,159 - INFO - ============================================================
2026-01-27 08:59:01,160 - INFO - Saved 4 file(s) successfully!
2026-01-27 08:59:01,160 - INFO -    Total size: 18,979 rows × 73 columns
2026-01-27 08:59:01,160 - INFO -  Load Complete!
