2026-01-23 10:25:57,819 - INFO - ============================================================
2026-01-23 10:25:57,819 - INFO -  FIFA 21 Data Pipeline
2026-01-23 10:25:57,820 - INFO - ============================================================
2026-01-23 10:25:57,820 - INFO - Started at: 2026-01-23 10:25:57
2026-01-23 10:25:57,820 - INFO - ============================================================
2026-01-23 10:25:57,820 - INFO - 
 STEP 1: EXTRACT
2026-01-23 10:25:57,820 - INFO - ============================================================
2026-01-23 10:25:57,821 - INFO - 
 Extract:Loading data..
2026-01-23 10:26:03,386 - INFO -  Location: c:\Users\Admin\Desktop\simple_project1\data\raw\fifa21 raw data v2.csv
2026-01-23 10:26:03,772 - INFO -  Loaded 18,979 rows * 77 columns
2026-01-23 10:26:03,772 - INFO - EXTRACTION COMPLETE
2026-01-23 10:26:03,773 - INFO - 
 STEP 2: TRANSFORM
2026-01-23 10:26:03,773 - INFO - ============================================================
2026-01-23 10:26:03,773 - INFO - Starting transformation pipeline----
2026-01-23 10:26:03,773 - INFO - 
 - Cleaning column names---
2026-01-23 10:26:03,991 - INFO - ====Transformation Complete!====
2026-01-23 10:26:03,992 - INFO - Transform complete!
2026-01-23 10:26:03,992 - INFO -  Cleaned data : 18,979 rows * 73 columns
2026-01-23 10:26:03,992 - INFO - 
 STEP 3: LOAD
2026-01-23 10:26:03,992 - INFO - ============================================================
2026-01-23 10:26:03,998 - INFO - ==================================================
