2026-01-23 07:27:20,696 - INFO - ============================================================
2026-01-23 07:27:20,696 - INFO -  FIFA 21 Data Pipeline
2026-01-23 07:27:20,696 - INFO - ============================================================
2026-01-23 07:27:20,697 - INFO - Started at: 2026-01-23 07:27:20
2026-01-23 07:27:20,697 - INFO - ============================================================
2026-01-23 07:27:20,697 - INFO - 
 STEP 1: EXTRACT
2026-01-23 07:27:20,697 - INFO - ============================================================
2026-01-23 07:27:20,893 - INFO - EXTRACTION COMPLETE
2026-01-23 07:27:20,894 - INFO - 
 STEP 2: TRANSFORM
2026-01-23 07:27:20,894 - INFO - ============================================================
2026-01-23 07:27:21,064 - INFO - Transform complete!
2026-01-23 07:27:21,065 - INFO -  Cleaned data : 18,979 rows * 73 columns
2026-01-23 07:27:21,065 - INFO - 
 STEP 3: LOAD
2026-01-23 07:27:21,066 - INFO - ============================================================
2026-01-23 07:27:39,043 - INFO -  Load Complete!
2026-01-23 07:27:39,043 - INFO - 
------------------------------------------------------------
2026-01-23 07:27:39,043 - INFO -  PIPELINE COMPLETED SUCCESSFULLY
2026-01-23 07:27:39,043 - INFO - ============================================================
2026-01-23 07:27:39,043 - INFO - 
 Summary:
2026-01-23 07:27:39,044 - INFO -   -input rows:18,979
2026-01-23 07:27:39,044 - INFO -   -output rows:18,979
2026-01-23 07:27:39,044 - INFO -   -column removed:4
2026-01-23 07:27:39,044 - INFO -   -files created: 4
2026-01-23 07:27:39,044 - INFO - 
 Output Files:
2026-01-23 07:27:39,045 - INFO -  -CSV:7.56 MB)
2026-01-23 07:27:39,045 - INFO -  -EXCEL:6.88 MB)
2026-01-23 07:27:39,045 - INFO -  -JSON:30.25 MB)
2026-01-23 07:27:39,045 - INFO -  -PARQUET:2.38 MB)
2026-01-23 07:27:39,045 - INFO - 
------------------------------------------------------------
2026-01-23 07:27:39,046 - INFO - Finished at :2026-01-23 07:27:39
2026-01-23 07:27:39,046 - INFO - ------------------------------------------------------------
