2026-01-23 09:39:02,160 - INFO - ============================================================
2026-01-23 09:39:02,160 - INFO -  FIFA 21 Data Pipeline
2026-01-23 09:39:02,161 - INFO - ============================================================
2026-01-23 09:39:02,161 - INFO - Started at: 2026-01-23 09:39:02
2026-01-23 09:39:02,161 - INFO - ============================================================
2026-01-23 09:39:02,162 - INFO - 
 STEP 1: EXTRACT
2026-01-23 09:39:02,162 - INFO - ============================================================
2026-01-23 09:39:02,494 - INFO - EXTRACTION COMPLETE
2026-01-23 09:39:02,495 - INFO - 
 STEP 2: TRANSFORM
2026-01-23 09:39:02,495 - INFO - ============================================================
2026-01-23 09:39:02,768 - INFO - Transform complete!
2026-01-23 09:39:02,768 - INFO -  Cleaned data : 18,979 rows * 73 columns
2026-01-23 09:39:02,768 - INFO - 
 STEP 3: LOAD
2026-01-23 09:39:02,769 - INFO - ============================================================
2026-01-23 09:39:24,761 - INFO -  Load Complete!
2026-01-23 09:39:24,761 - INFO - 
------------------------------------------------------------
2026-01-23 09:39:24,762 - INFO -  PIPELINE COMPLETED SUCCESSFULLY
2026-01-23 09:39:24,762 - INFO - ============================================================
2026-01-23 09:39:24,762 - INFO - 
 Summary:
2026-01-23 09:39:24,762 - INFO -   -input rows:18,979
2026-01-23 09:39:24,763 - INFO -   -output rows:18,979
2026-01-23 09:39:24,763 - INFO -   -column removed:4
2026-01-23 09:39:24,763 - INFO -   -files created: 4
2026-01-23 09:39:24,764 - INFO - 
 Output Files:
2026-01-23 09:39:24,764 - INFO -  -CSV:7.56 MB)
2026-01-23 09:39:24,764 - INFO -  -EXCEL:6.88 MB)
2026-01-23 09:39:24,764 - INFO -  -JSON:30.25 MB)
2026-01-23 09:39:24,765 - INFO -  -PARQUET:2.38 MB)
2026-01-23 09:39:24,765 - INFO - 
------------------------------------------------------------
2026-01-23 09:39:24,765 - INFO - 
============================================================
2026-01-23 09:39:24,772 - INFO - ============================================================
2026-01-23 09:39:24,772 - INFO - Error: Invalid format string
2026-01-23 09:39:24,773 - INFO - 
Please check the error message above and try again.
