2026-01-27 11:50:05,984 - INFO -  Log file created: pipeline_20260127_115005.log
2026-01-27 11:50:05,986 - INFO - 
🔄 Extract: Loading data from: fifa21 raw data v2.csv
2026-01-27 11:50:05,986 - INFO -  📂 Location: C:\Users\Admin\Desktop\simple_project1\eti_pipeline\src\extract\..\..\..\data\raw\fifa21 raw data v2.csv
2026-01-27 11:50:05,986 - INFO - Loading CSV: fifa21 raw data v2.csv
2026-01-27 11:50:06,299 - INFO - ✅ Loaded 18,979 rows × 77 columns
2026-01-27 11:50:06,301 - INFO - ✅ Extraction complete!
2026-01-27 11:50:06,305 - INFO - Starting transformation pipeline----
2026-01-27 11:50:06,306 - INFO - 
 - Cleaning column names---
2026-01-27 11:50:06,577 - INFO - ====Transformation Complete!====
2026-01-27 11:50:06,579 - INFO - 
 Saving cleaned data in 4 format(s)...
2026-01-27 11:50:06,579 - INFO - ==================================================
2026-01-27 11:50:06,989 - INFO -  CSV saved:C:\Users\Admin\Desktop\simple_project1\data\processed\fifa21_cleaned.csv
2026-01-27 11:51:05,313 - INFO -  Excel saved:C:\Users\Admin\Desktop\simple_project1\data\processed\fifa21_cleaned.xlsx
2026-01-27 11:51:05,991 - INFO -  JSON saved: C:\Users\Admin\Desktop\simple_project1\data\processed\fifa21_cleaned.json
2026-01-27 11:51:06,307 - INFO -  Parquet saved: C:\Users\Admin\Desktop\simple_project1\data\processed\fifa21_cleaned.parquet
2026-01-27 11:51:06,308 - INFO - ============================================================
2026-01-27 11:51:06,309 - INFO - Saved 4 file(s) successfully!
2026-01-27 11:51:06,309 - INFO -    Total size: 18,979 rows × 73 columns
2026-01-27 11:51:06,311 - INFO - 
 Saving cleaned data in 4 format(s)...
2026-01-27 11:51:06,311 - INFO - ==================================================
2026-01-27 11:51:07,370 - INFO -  CSV saved:C:\Users\Admin\Desktop\simple_project1\data\processed\fifa_cleaned.csv
2026-01-27 11:52:06,439 - INFO -  Excel saved:C:\Users\Admin\Desktop\simple_project1\data\processed\fifa_cleaned.xlsx
2026-01-27 11:52:07,129 - INFO -  JSON saved: C:\Users\Admin\Desktop\simple_project1\data\processed\fifa_cleaned.json
2026-01-27 11:52:07,367 - INFO -  Parquet saved: C:\Users\Admin\Desktop\simple_project1\data\processed\fifa_cleaned.parquet
2026-01-27 11:52:07,368 - INFO - ============================================================
2026-01-27 11:52:07,369 - INFO - Saved 4 file(s) successfully!
2026-01-27 11:52:07,369 - INFO -    Total size: 18,979 rows × 73 columns
2026-01-27 11:52:07,370 - INFO -  Load Complete!
