2026-01-23 09:41:17,543 - INFO - ============================================================
2026-01-23 09:41:17,543 - INFO -  FIFA 21 Data Pipeline
2026-01-23 09:41:17,544 - INFO - ============================================================
2026-01-23 09:41:17,544 - INFO - Started at: 2026-01-23 09:41:17
2026-01-23 09:41:17,544 - INFO - ============================================================
2026-01-23 09:41:17,545 - INFO - 
 STEP 1: EXTRACT
2026-01-23 09:41:17,545 - INFO - ============================================================
2026-01-23 09:41:17,782 - INFO - EXTRACTION COMPLETE
2026-01-23 09:41:17,783 - INFO - 
 STEP 2: TRANSFORM
2026-01-23 09:41:17,783 - INFO - ============================================================
2026-01-23 09:41:17,981 - INFO - Transform complete!
2026-01-23 09:41:17,982 - INFO -  Cleaned data : 18,979 rows * 73 columns
2026-01-23 09:41:17,982 - INFO - 
 STEP 3: LOAD
2026-01-23 09:41:17,982 - INFO - ============================================================
2026-01-23 09:41:38,869 - INFO -  Load Complete!
2026-01-23 09:41:38,869 - INFO - 
------------------------------------------------------------
2026-01-23 09:41:38,869 - INFO -  PIPELINE COMPLETED SUCCESSFULLY
2026-01-23 09:41:38,870 - INFO - ============================================================
2026-01-23 09:41:38,870 - INFO - 
 Summary:
2026-01-23 09:41:38,870 - INFO -   -input rows:18,979
2026-01-23 09:41:38,870 - INFO -   -output rows:18,979
2026-01-23 09:41:38,871 - INFO -   -column removed:4
2026-01-23 09:41:38,871 - INFO -   -files created: 4
2026-01-23 09:41:38,871 - INFO - 
 Output Files:
2026-01-23 09:41:38,871 - INFO -  -CSV:7.56 MB)
2026-01-23 09:41:38,872 - INFO -  -EXCEL:6.88 MB)
2026-01-23 09:41:38,872 - INFO -  -JSON:30.25 MB)
2026-01-23 09:41:38,872 - INFO -  -PARQUET:2.38 MB)
2026-01-23 09:41:38,872 - INFO - 
------------------------------------------------------------
2026-01-23 09:41:38,872 - INFO - Finished at :2026-01-23 09:41:38
2026-01-23 09:41:38,872 - INFO - ------------------------------------------------------------
